[2019-03-30 06:07:18.623604]: Entering IDataMapper::findById
[2019-03-30 06:07:18.698985]: Entering AddressMapper::load
[2019-03-30 06:07:18.699722]: Leaving AddressMapper::load
[2019-03-30 06:07:18.702515]: Leaving IDataMapper::findById
[2019-03-30 06:07:18.847302]: Entering IDataMapper::findChildren
[2019-03-30 06:07:18.916848]: Entering AddressMapper::loadAll
[2019-03-30 06:07:18.917167]: Leaving AddressMapper::loadAll
[2019-03-30 06:07:18.919787]: Leaving IDataMapper::findChildren
[2019-03-30 06:07:19.056583]: Entering IDataMapper::findAll
[2019-03-30 06:07:19.119092]: Entering AddressMapper::loadAll
[2019-03-30 06:07:19.119346]: Leaving AddressMapper::loadAll
[2019-03-30 06:07:19.122028]: Leaving IDataMapper::findAll
[2019-03-30 06:20:32.551653]: Entering IDataMapper::findById
[2019-03-30 06:20:32.668048]: Entering AddressMapper::load
[2019-03-30 06:20:32.668887]: Leaving AddressMapper::load
[2019-03-30 06:20:32.671859]: Leaving IDataMapper::findById
[2019-03-30 06:20:32.883375]: Entering IDataMapper::findChildren
[2019-03-30 06:20:32.950906]: Entering AddressMapper::loadAll
[2019-03-30 06:20:32.951218]: Leaving AddressMapper::loadAll
[2019-03-30 06:20:32.954080]: Leaving IDataMapper::findChildren
[2019-03-30 06:20:33.105659]: Entering IDataMapper::findAll
[2019-03-30 06:20:33.180512]: Entering AddressMapper::loadAll
[2019-03-30 06:20:33.180913]: Leaving AddressMapper::loadAll
[2019-03-30 06:20:33.183825]: Leaving IDataMapper::findAll
[2019-03-30 06:20:33.353170]: Entering AddressMapper::insertEntity
[2019-03-30 06:20:33.438545]: Leaving AddressMapper::insertEntity
[2019-03-30 06:41:35.053081]: Entering IDataMapper::findById
[2019-03-30 06:41:35.166580]: Entering AddressMapper::load
[2019-03-30 06:41:35.167274]: Leaving AddressMapper::load
[2019-03-30 06:41:35.170396]: Leaving IDataMapper::findById
[2019-03-30 06:41:35.369829]: Entering IDataMapper::findChildren
[2019-03-30 06:41:35.440272]: Entering AddressMapper::loadAll
[2019-03-30 06:41:35.440523]: Leaving AddressMapper::loadAll
[2019-03-30 06:41:35.442831]: Leaving IDataMapper::findChildren
[2019-03-30 06:41:35.588847]: Entering IDataMapper::findAll
[2019-03-30 06:41:35.659078]: Entering AddressMapper::loadAll
[2019-03-30 06:41:35.659344]: Leaving AddressMapper::loadAll
[2019-03-30 06:41:35.662008]: Leaving IDataMapper::findAll
[2019-03-30 06:41:35.810185]: Entering AddressMapper::insertEntity
[2019-03-30 06:41:35.890404]: Leaving AddressMapper::insertEntity
[2019-03-30 06:41:36.046435]: Entering AddressMapper::updateEntity
[2019-03-30 06:41:36.122520]: Leaving AddressMapper::updateEntity
[2019-03-30 06:41:36.122667]: Entering IDataMapper::findById
[2019-03-30 06:41:36.192284]: Entering AddressMapper::load
[2019-03-30 06:41:36.192534]: Leaving AddressMapper::load
[2019-03-30 06:41:36.195401]: Leaving IDataMapper::findById
[2019-03-30 06:43:30.750201]: Entering IDataMapper::findById
[2019-03-30 06:43:30.823150]: Entering AddressMapper::load
[2019-03-30 06:43:30.823893]: Leaving AddressMapper::load
[2019-03-30 06:43:30.826652]: Leaving IDataMapper::findById
[2019-03-30 06:43:30.977137]: Entering IDataMapper::findChildren
[2019-03-30 06:43:31.046329]: Entering AddressMapper::loadAll
[2019-03-30 06:43:31.046755]: Leaving AddressMapper::loadAll
[2019-03-30 06:43:31.049754]: Leaving IDataMapper::findChildren
[2019-03-30 06:43:31.200958]: Entering IDataMapper::findAll
[2019-03-30 06:43:31.269322]: Entering AddressMapper::loadAll
[2019-03-30 06:43:31.269770]: Leaving AddressMapper::loadAll
[2019-03-30 06:43:31.272802]: Leaving IDataMapper::findAll
[2019-03-30 06:43:31.412002]: Entering AddressMapper::insertEntity
[2019-03-30 06:43:31.499551]: Leaving AddressMapper::insertEntity
[2019-03-30 06:43:31.647405]: Entering AddressMapper::updateEntity
[2019-03-30 06:43:31.730242]: Leaving AddressMapper::updateEntity
[2019-03-30 06:43:31.730371]: Entering IDataMapper::findById
[2019-03-30 06:43:31.794118]: Entering AddressMapper::load
[2019-03-30 06:43:31.794356]: Leaving AddressMapper::load
[2019-03-30 06:43:31.797362]: Leaving IDataMapper::findById
[2019-03-30 06:49:01.270247]: Entering IDataMapper::findById
[2019-03-30 06:49:01.343857]: Entering AddressMapper::load
[2019-03-30 06:49:01.344493]: Leaving AddressMapper::load
[2019-03-30 06:49:01.347928]: Leaving IDataMapper::findById
[2019-03-30 06:49:01.498186]: Entering IDataMapper::findChildren
[2019-03-30 06:49:01.573387]: Entering AddressMapper::loadAll
[2019-03-30 06:49:01.573747]: Leaving AddressMapper::loadAll
[2019-03-30 06:49:01.576805]: Leaving IDataMapper::findChildren
[2019-03-30 06:49:01.728104]: Entering IDataMapper::findAll
[2019-03-30 06:49:01.796366]: Entering AddressMapper::loadAll
[2019-03-30 06:49:01.796757]: Leaving AddressMapper::loadAll
[2019-03-30 06:49:01.799740]: Leaving IDataMapper::findAll
[2019-03-30 06:49:01.939870]: Entering AddressMapper::insertEntity
[2019-03-30 06:49:02.025219]: Leaving AddressMapper::insertEntity
[2019-03-30 06:49:02.169037]: Entering AddressMapper::updateEntity
[2019-03-30 06:49:02.248551]: Leaving AddressMapper::updateEntity
[2019-03-30 06:49:02.248685]: Entering IDataMapper::findById
[2019-03-30 06:49:02.320624]: Entering AddressMapper::load
[2019-03-30 06:49:02.320831]: Leaving AddressMapper::load
[2019-03-30 06:49:02.323775]: Leaving IDataMapper::findById
[2019-03-30 06:49:02.470002]: Entering IDataMapper::deleteEntity
[2019-03-30 06:49:02.551810]: Leaving IDataMapper::deleteEntity
[2019-03-30 06:49:02.551938]: Entering IDataMapper::findById
[2019-03-30 06:49:02.622133]: Entering AddressMapper::load
[2019-03-30 06:49:02.622258]: Leaving AddressMapper::load
[2019-03-30 06:49:02.625009]: Leaving IDataMapper::findById
